2025-06-04 14:06:31.688 | INFO     |  -  | Started server process [60160]
2025-06-04 14:06:31.688 | INFO     |  -  | Waiting for application startup.
2025-06-04 14:06:31.732 | INFO     |  -  | Application startup complete.
2025-06-04 14:06:41.118 | INFO     |  -  | Shutting down
2025-06-04 14:06:41.221 | INFO     |  -  | Waiting for application shutdown.
2025-06-04 14:06:41.222 | INFO     |  -  | Application shutdown complete.
2025-06-04 14:06:43.251 | INFO     |  -  | Started server process [60174]
2025-06-04 14:06:43.251 | INFO     |  -  | Waiting for application startup.
2025-06-04 14:06:43.266 | INFO     |  -  | Application startup complete.
2025-06-04 15:16:45.239 | INFO     |  -  | Started server process [6457]
2025-06-04 15:16:45.239 | INFO     |  -  | Waiting for application startup.
2025-06-04 15:16:45.273 | INFO     |  -  | Application startup complete.
2025-06-04 15:22:51.379 | INFO     |  -  | Started server process [10633]
2025-06-04 15:22:51.379 | INFO     |  -  | Waiting for application startup.
2025-06-04 15:22:51.398 | INFO     |  -  | Application startup complete.
2025-06-04 15:22:51.398 | INFO     |  -  | Uvicorn running on http://127.0.0.1:8000 (Press CTRL+C to quit)
2025-06-04 15:25:58.806 | INFO     |  -  | Started server process [11891]
2025-06-04 15:25:58.807 | INFO     |  -  | Waiting for application startup.
2025-06-04 15:25:58.822 | INFO     |  -  | Application startup complete.
2025-06-04 15:25:58.823 | INFO     |  -  | Waiting for application shutdown.
2025-06-04 15:25:58.823 | INFO     |  -  | Application shutdown complete.
2025-06-04 15:26:49.199 | INFO     |  -  | Started server process [12298]
2025-06-04 15:26:49.199 | INFO     |  -  | Waiting for application startup.
2025-06-04 15:26:49.215 | INFO     |  -  | Application startup complete.
2025-06-04 15:26:49.215 | INFO     |  -  | Uvicorn running on http://127.0.0.1:8080 (Press CTRL+C to quit)
2025-06-04 15:40:23.766 | INFO     |  -  | Started server process [13323]
2025-06-04 15:40:23.766 | INFO     |  -  | Waiting for application startup.
2025-06-04 15:40:23.781 | INFO     |  -  | Application startup complete.
2025-06-04 15:40:27.515 | INFO     |  -  | Shutting down
2025-06-04 15:40:27.617 | INFO     |  -  | Waiting for application shutdown.
2025-06-04 15:40:27.618 | INFO     |  -  | Application shutdown complete.
2025-06-04 15:40:29.573 | INFO     |  -  | Started server process [13344]
2025-06-04 15:40:29.574 | INFO     |  -  | Waiting for application startup.
2025-06-04 15:40:29.584 | INFO     |  -  | Application startup complete.
2025-06-04 15:49:53.529 | INFO     |  -  | Shutting down
2025-06-04 15:49:53.630 | INFO     |  -  | Waiting for application shutdown.
2025-06-04 15:49:55.751 | INFO     |  -  | Started server process [13683]
2025-06-04 15:49:55.751 | INFO     |  -  | Waiting for application startup.
2025-06-04 15:49:55.767 | INFO     |  -  | Application startup complete.
2025-06-04 21:00:16.976 | INFO     |  -  | Shutting down
2025-06-04 21:00:17.080 | INFO     |  -  | Waiting for application shutdown.
2025-06-04 21:00:17.085 | INFO     |  -  | Application shutdown complete.
2025-06-04 21:00:19.324 | INFO     |  -  | Started server process [24143]
2025-06-04 21:00:19.324 | INFO     |  -  | Waiting for application startup.
2025-06-04 21:00:19.344 | INFO     |  -  | Application startup complete.
2025-06-04 21:00:19.446 | INFO     |  -  | Shutting down
2025-06-04 21:00:19.547 | INFO     |  -  | Waiting for application shutdown.
2025-06-04 21:00:21.418 | INFO     |  -  | Started server process [24152]
2025-06-04 21:00:21.418 | INFO     |  -  | Waiting for application startup.
2025-06-04 21:00:21.432 | INFO     |  -  | Application startup complete.
2025-06-04 21:01:31.548 | INFO     |  -  | Shutting down
2025-06-04 21:01:31.650 | INFO     |  -  | Waiting for application shutdown.
2025-06-04 21:01:33.744 | INFO     |  -  | Started server process [25340]
2025-06-04 21:01:33.745 | INFO     |  -  | Waiting for application startup.
2025-06-04 21:01:33.760 | INFO     |  -  | Application startup complete.
2025-06-04 21:02:09.733 | INFO     |  -  | Shutting down
2025-06-04 21:02:09.835 | INFO     |  -  | Waiting for application shutdown.
2025-06-04 21:02:11.930 | INFO     |  -  | Started server process [25387]
2025-06-04 21:02:11.930 | INFO     |  -  | Waiting for application startup.
2025-06-04 21:02:11.947 | INFO     |  -  | Application startup complete.
2025-06-04 21:02:51.645 | INFO     |  -  | Shutting down
2025-06-04 21:02:53.820 | INFO     |  -  | Started server process [25440]
2025-06-04 21:02:53.821 | INFO     |  -  | Waiting for application startup.
2025-06-04 21:02:53.836 | INFO     |  -  | Application startup complete.
2025-06-04 21:03:11.615 | INFO     |  -  | Shutting down
2025-06-04 21:03:11.717 | INFO     |  -  | Waiting for application shutdown.
2025-06-04 21:03:11.720 | INFO     |  -  | Application shutdown complete.
2025-06-04 21:03:13.699 | INFO     |  -  | Started server process [25466]
2025-06-04 21:03:13.699 | INFO     |  -  | Waiting for application startup.
2025-06-04 21:03:13.713 | INFO     |  -  | Application startup complete.
2025-06-04 21:03:39.481 | INFO     |  -  | Shutting down
2025-06-04 21:03:39.582 | INFO     |  -  | Waiting for application shutdown.
2025-06-04 21:03:41.716 | INFO     |  -  | Started server process [25510]
2025-06-04 21:03:41.716 | INFO     |  -  | Waiting for application startup.
2025-06-04 21:03:41.732 | INFO     |  -  | Application startup complete.
2025-06-04 21:04:11.943 | INFO     |  -  | Shutting down
2025-06-04 21:04:12.044 | INFO     |  -  | Waiting for application shutdown.
2025-06-04 21:04:14.012 | INFO     |  -  | Started server process [25557]
2025-06-04 21:04:14.012 | INFO     |  -  | Waiting for application startup.
2025-06-04 21:04:14.024 | INFO     |  -  | Application startup complete.
2025-06-04 21:04:29.781 | INFO     |  -  | Shutting down
2025-06-04 21:04:29.883 | INFO     |  -  | Waiting for application shutdown.
2025-06-04 21:04:29.885 | INFO     |  -  | Application shutdown complete.
2025-06-04 21:04:31.830 | INFO     |  -  | Started server process [25590]
2025-06-04 21:04:31.830 | INFO     |  -  | Waiting for application startup.
2025-06-04 21:04:33.832 | INFO     |  -  | Started server process [25593]
2025-06-04 21:04:33.832 | INFO     |  -  | Waiting for application startup.
2025-06-04 21:04:33.843 | INFO     |  -  | Application startup complete.
2025-06-04 21:05:38.122 | INFO     |  -  | Shutting down
2025-06-04 21:05:38.223 | INFO     |  -  | Waiting for application shutdown.
2025-06-04 21:06:36.093 | INFO     |  -  | Started server process [25716]
2025-06-04 21:06:36.093 | INFO     |  -  | Waiting for application startup.
2025-06-04 21:06:36.108 | INFO     |  -  | Application startup complete.
2025-06-04 21:07:38.330 | INFO     |  -  | Shutting down
2025-06-04 21:07:38.433 | INFO     |  -  | Waiting for application shutdown.
2025-06-04 21:07:40.590 | INFO     |  -  | Started server process [25778]
2025-06-04 21:07:40.591 | INFO     |  -  | Waiting for application startup.
2025-06-04 21:07:40.606 | INFO     |  -  | Application startup complete.
2025-06-04 21:08:14.348 | INFO     |  -  | Shutting down
2025-06-04 21:08:14.450 | INFO     |  -  | Waiting for application shutdown.
2025-06-04 21:08:14.452 | INFO     |  -  | Application shutdown complete.
2025-06-04 21:08:16.626 | INFO     |  -  | Started server process [25826]
2025-06-04 21:08:16.626 | INFO     |  -  | Waiting for application startup.
2025-06-04 21:08:16.641 | INFO     |  -  | Application startup complete.
2025-06-04 21:09:03.322 | INFO     |  -  | Shutting down
2025-06-04 21:09:03.423 | INFO     |  -  | Waiting for application shutdown.
2025-06-04 21:09:03.424 | INFO     |  -  | Application shutdown complete.
2025-06-04 21:09:05.521 | INFO     |  -  | Started server process [25890]
2025-06-04 21:09:05.521 | INFO     |  -  | Waiting for application startup.
2025-06-04 21:09:05.536 | INFO     |  -  | Application startup complete.
2025-06-04 21:10:56.179 | INFO     |  -  | Shutting down
2025-06-04 21:10:56.281 | INFO     |  -  | Waiting for application shutdown.
2025-06-04 21:10:58.390 | INFO     |  -  | Started server process [25996]
2025-06-04 21:10:58.390 | INFO     |  -  | Waiting for application startup.
2025-06-04 21:10:58.406 | INFO     |  -  | Application startup complete.
2025-06-04 21:11:06.186 | INFO     |  -  | Shutting down
2025-06-04 21:11:06.288 | INFO     |  -  | Waiting for application shutdown.
2025-06-04 21:11:08.211 | INFO     |  -  | Started server process [26016]
2025-06-04 21:11:08.212 | INFO     |  -  | Waiting for application startup.
2025-06-04 21:11:08.229 | INFO     |  -  | Application startup complete.
2025-06-04 21:11:17.419 | INFO     |  -  | Shutting down
2025-06-04 21:11:17.520 | INFO     |  -  | Waiting for application shutdown.
2025-06-04 21:11:17.521 | INFO     |  -  | Application shutdown complete.
2025-06-04 21:11:19.520 | INFO     |  -  | Started server process [26051]
2025-06-04 21:11:19.520 | INFO     |  -  | Waiting for application startup.
2025-06-04 21:11:19.533 | INFO     |  -  | Application startup complete.
2025-06-04 21:11:28.245 | INFO     |  -  | Started server process [26434]
2025-06-04 21:11:28.245 | INFO     |  -  | Waiting for application startup.
2025-06-04 21:11:28.257 | INFO     |  -  | Application startup complete.
2025-06-04 21:17:19.229 | INFO     |  -  | Shutting down
2025-06-04 21:17:19.330 | INFO     |  -  | Waiting for application shutdown.
2025-06-04 21:17:19.332 | INFO     |  -  | Application shutdown complete.
2025-06-04 21:17:19.333 | INFO     |  -  | Finished server process [26434]
2025-06-04 21:17:21.719 | INFO     |  -  | Started server process [27877]
2025-06-04 21:17:21.720 | INFO     |  -  | Waiting for application startup.
2025-06-04 21:17:21.737 | INFO     |  -  | Application startup complete.
2025-06-04 21:17:33.361 | INFO     |  -  | Shutting down
2025-06-04 21:17:33.463 | INFO     |  -  | Waiting for application shutdown.
2025-06-04 21:17:33.465 | INFO     |  -  | Application shutdown complete.
2025-06-04 21:17:35.673 | INFO     |  -  | Started server process [27902]
2025-06-04 21:17:35.673 | INFO     |  -  | Waiting for application startup.
2025-06-04 21:17:35.685 | INFO     |  -  | Application startup complete.
2025-06-04 21:18:00.551 | INFO     |  -  | Shutting down
2025-06-04 21:18:00.653 | INFO     |  -  | Waiting for application shutdown.
2025-06-04 21:18:02.871 | INFO     |  -  | Started server process [27936]
2025-06-04 21:18:02.871 | INFO     |  -  | Waiting for application startup.
2025-06-04 21:18:02.883 | INFO     |  -  | Application startup complete.
2025-06-04 21:18:32.809 | INFO     |  -  | Started server process [28339]
2025-06-04 21:18:32.810 | INFO     |  -  | Waiting for application startup.
2025-06-04 21:18:32.833 | INFO     |  -  | Application startup complete.
2025-06-04 21:20:09.541 | INFO     |  -  | Shutting down
2025-06-04 21:20:09.643 | INFO     |  -  | Waiting for application shutdown.
2025-06-04 21:20:09.644 | INFO     |  -  | Application shutdown complete.
2025-06-04 21:20:11.806 | INFO     |  -  | Started server process [28444]
2025-06-04 21:20:11.806 | INFO     |  -  | Waiting for application startup.
2025-06-04 21:20:11.819 | INFO     |  -  | Application startup complete.
2025-06-04 21:20:38.288 | INFO     |  -  | Shutting down
2025-06-04 21:20:38.390 | INFO     |  -  | Waiting for application shutdown.
2025-06-04 21:20:40.582 | INFO     |  -  | Started server process [28482]
2025-06-04 21:20:40.582 | INFO     |  -  | Waiting for application startup.
2025-06-04 21:20:40.619 | INFO     |  -  | Application startup complete.
2025-06-04 21:20:53.462 | INFO     |  -  | Shutting down
2025-06-04 21:20:53.564 | INFO     |  -  | Waiting for application shutdown.
2025-06-04 21:20:55.704 | INFO     |  -  | Started server process [28506]
2025-06-04 21:20:55.704 | INFO     |  -  | Waiting for application startup.
2025-06-04 21:20:55.717 | INFO     |  -  | Application startup complete.
2025-06-04 21:22:22.605 | INFO     |  -  | Shutting down
2025-06-04 21:22:22.709 | INFO     |  -  | Waiting for application shutdown.
2025-06-04 21:22:25.011 | INFO     |  -  | Started server process [28593]
2025-06-04 21:22:25.011 | INFO     |  -  | Waiting for application startup.
2025-06-04 21:22:25.023 | INFO     |  -  | Application startup complete.
2025-06-04 21:22:41.590 | INFO     |  -  | Shutting down
2025-06-04 21:22:41.692 | INFO     |  -  | Waiting for application shutdown.
2025-06-04 21:22:43.888 | INFO     |  -  | Started server process [28625]
2025-06-04 21:22:43.888 | INFO     |  -  | Waiting for application startup.
2025-06-04 21:22:43.900 | INFO     |  -  | Application startup complete.
2025-06-04 21:22:51.086 | INFO     |  -  | Shutting down
2025-06-04 21:22:51.189 | INFO     |  -  | Waiting for application shutdown.
2025-06-04 21:22:53.381 | INFO     |  -  | Started server process [28646]
2025-06-04 21:22:53.381 | INFO     |  -  | Waiting for application startup.
2025-06-04 21:22:53.393 | INFO     |  -  | Application startup complete.
2025-06-04 21:23:00.469 | INFO     |  -  | Shutting down
2025-06-04 21:23:00.571 | INFO     |  -  | Waiting for application shutdown.
2025-06-04 21:23:02.774 | INFO     |  -  | Started server process [28669]
2025-06-04 21:23:02.774 | INFO     |  -  | Waiting for application startup.
2025-06-04 21:23:02.786 | INFO     |  -  | Application startup complete.
2025-06-04 21:23:29.668 | INFO     |  -  | Shutting down
2025-06-04 21:23:29.769 | INFO     |  -  | Waiting for application shutdown.
2025-06-04 21:23:31.964 | INFO     |  -  | Started server process [28707]
2025-06-04 21:23:31.964 | INFO     |  -  | Waiting for application startup.
2025-06-04 21:23:31.976 | INFO     |  -  | Application startup complete.
2025-06-04 21:23:46.834 | INFO     |  -  | Shutting down
2025-06-04 21:23:46.936 | INFO     |  -  | Waiting for application shutdown.
2025-06-04 21:23:49.134 | INFO     |  -  | Started server process [28740]
2025-06-04 21:23:49.135 | INFO     |  -  | Waiting for application startup.
2025-06-04 21:23:49.147 | INFO     |  -  | Application startup complete.
2025-06-04 21:23:51.406 | INFO     |  -  | Started server process [28750]
2025-06-04 21:23:51.406 | INFO     |  -  | Waiting for application startup.
2025-06-04 21:23:51.418 | INFO     |  -  | Application startup complete.
2025-06-04 21:25:50.740 | INFO     |  -  | Shutting down
2025-06-04 21:25:50.844 | INFO     |  -  | Waiting for application shutdown.
2025-06-04 21:25:53.213 | INFO     |  -  | Started server process [29918]
2025-06-04 21:25:53.213 | INFO     |  -  | Waiting for application startup.
2025-06-04 21:25:53.229 | INFO     |  -  | Application startup complete.
2025-06-04 21:26:03.653 | INFO     |  -  | Shutting down
2025-06-04 21:26:03.755 | INFO     |  -  | Waiting for application shutdown.
2025-06-04 21:26:06.097 | INFO     |  -  | Started server process [29941]
2025-06-04 21:26:06.097 | INFO     |  -  | Waiting for application startup.
2025-06-04 21:26:06.115 | INFO     |  -  | Application startup complete.
2025-06-04 21:26:06.217 | INFO     |  -  | Shutting down
2025-06-04 21:26:06.318 | INFO     |  -  | Waiting for application shutdown.
2025-06-04 21:26:08.541 | INFO     |  -  | Started server process [29950]
2025-06-04 21:26:08.542 | INFO     |  -  | Waiting for application startup.
2025-06-04 21:26:08.554 | INFO     |  -  | Application startup complete.
2025-06-04 21:26:12.899 | INFO     |  -  | Shutting down
2025-06-04 21:26:13.001 | INFO     |  -  | Waiting for application shutdown.
2025-06-04 21:26:13.003 | INFO     |  -  | Application shutdown complete.
2025-06-04 21:26:15.312 | INFO     |  -  | Started server process [29961]
2025-06-04 21:26:15.313 | INFO     |  -  | Waiting for application startup.
2025-06-04 21:26:15.327 | INFO     |  -  | Application startup complete.
2025-06-04 21:28:32.547 | INFO     |  -  | Shutting down
2025-06-04 21:28:35.037 | INFO     |  -  | Started server process [30115]
2025-06-04 21:28:35.037 | INFO     |  -  | Waiting for application startup.
2025-06-04 21:28:35.054 | INFO     |  -  | Application startup complete.
2025-06-04 21:30:59.726 | INFO     |  -  | Shutting down
2025-06-04 21:30:59.830 | INFO     |  -  | Waiting for application shutdown.
2025-06-04 21:31:02.344 | INFO     |  -  | Started server process [30270]
2025-06-04 21:31:02.345 | INFO     |  -  | Waiting for application startup.
2025-06-04 21:31:04.980 | INFO     |  -  | Started server process [30279]
2025-06-04 21:31:04.983 | INFO     |  -  | Waiting for application startup.
2025-06-04 21:31:07.508 | INFO     |  -  | Started server process [30283]
2025-06-04 21:31:07.509 | INFO     |  -  | Waiting for application startup.
2025-06-04 21:31:07.530 | INFO     |  -  | Application startup complete.
2025-06-04 21:33:14.448 | INFO     |  -  | Shutting down
2025-06-04 21:33:14.553 | INFO     |  -  | Waiting for application shutdown.
2025-06-04 21:33:14.555 | INFO     |  -  | Application shutdown complete.
2025-06-04 21:33:16.948 | INFO     |  -  | Started server process [30403]
2025-06-04 21:33:16.948 | INFO     |  -  | Waiting for application startup.
2025-06-04 21:33:16.965 | INFO     |  -  | Application startup complete.
2025-06-04 21:33:19.300 | INFO     |  -  | Started server process [30410]
2025-06-04 21:33:19.300 | INFO     |  -  | Waiting for application startup.
2025-06-04 21:33:19.312 | INFO     |  -  | Application startup complete.
2025-06-04 22:13:09.572 | INFO     |  -  | Started server process [33032]
2025-06-04 22:13:09.573 | INFO     |  -  | Waiting for application startup.
2025-06-04 22:14:08.627 | INFO     |  -  | Started server process [33480]
2025-06-04 22:14:08.628 | INFO     |  -  | Waiting for application startup.
2025-06-04 22:14:17.664 | INFO     |  -  | Started server process [33505]
2025-06-04 22:14:17.664 | INFO     |  -  | Waiting for application startup.
2025-06-04 22:14:21.856 | INFO     |  -  | Started server process [33933]
2025-06-04 22:14:21.856 | INFO     |  -  | Waiting for application startup.
2025-06-04 22:14:41.963 | INFO     |  -  | Started server process [33962]
2025-06-04 22:14:41.963 | INFO     |  -  | Waiting for application startup.
2025-06-04 22:15:03.148 | INFO     |  -  | Started server process [34379]
2025-06-04 22:15:03.148 | INFO     |  -  | Waiting for application startup.
2025-06-04 22:15:03.160 | INFO     |  -  | Application startup complete.
2025-06-04 22:15:11.940 | INFO     |  -  | Started server process [34751]
2025-06-04 22:15:11.940 | INFO     |  -  | Waiting for application startup.
2025-06-04 22:15:11.953 | INFO     |  -  | Application startup complete.
2025-06-04 22:15:50.955 | INFO     |  -  | Started server process [35340]
2025-06-04 22:15:50.956 | INFO     |  -  | Waiting for application startup.
2025-06-04 22:15:50.970 | INFO     |  -  | Application startup complete.
2025-06-05 15:56:03.495 | INFO     |  -  | Shutting down
2025-06-05 15:56:03.625 | INFO     |  -  | Waiting for application shutdown.
2025-06-05 15:56:03.632 | INFO     |  -  | Application shutdown complete.
2025-06-05 15:56:06.421 | INFO     |  -  | Started server process [17902]
2025-06-05 15:56:06.422 | INFO     |  -  | Waiting for application startup.
2025-06-05 15:56:06.443 | INFO     |  -  | Application startup complete.
2025-06-05 22:59:54.163 | INFO     |  -  | Shutting down
2025-06-05 22:59:54.270 | INFO     |  -  | Waiting for application shutdown.
2025-06-05 22:59:57.686 | INFO     |  -  | Started server process [61038]
2025-06-05 22:59:57.686 | INFO     |  -  | Waiting for application startup.
2025-06-05 22:59:57.775 | INFO     |  -  | Application startup complete.
2025-06-05 23:00:06.567 | INFO     |  -  | Shutting down
2025-06-05 23:00:06.669 | INFO     |  -  | Waiting for application shutdown.
2025-06-05 23:00:08.758 | INFO     |  -  | Started server process [61083]
2025-06-05 23:00:08.758 | INFO     |  -  | Waiting for application startup.
2025-06-05 23:00:08.776 | INFO     |  -  | Application startup complete.
2025-06-05 23:00:44.428 | INFO     |  -  | Shutting down
2025-06-05 23:00:44.530 | INFO     |  -  | Waiting for application shutdown.
2025-06-05 23:00:46.829 | INFO     |  -  | Started server process [61177]
2025-06-05 23:00:46.829 | INFO     |  -  | Waiting for application startup.
2025-06-05 23:00:46.845 | INFO     |  -  | Application startup complete.
2025-06-05 23:01:02.107 | INFO     |  -  | Shutting down
2025-06-05 23:01:02.211 | INFO     |  -  | Waiting for application shutdown.
2025-06-05 23:01:02.213 | INFO     |  -  | Application shutdown complete.
2025-06-05 23:01:04.329 | INFO     |  -  | Started server process [61238]
2025-06-05 23:01:04.329 | INFO     |  -  | Waiting for application startup.
2025-06-05 23:01:04.346 | INFO     |  -  | Application startup complete.
2025-06-05 23:01:06.673 | INFO     |  -  | Shutting down
2025-06-05 23:01:06.773 | INFO     |  -  | Waiting for application shutdown.
2025-06-05 23:01:06.775 | INFO     |  -  | Application shutdown complete.
2025-06-05 23:01:08.792 | INFO     |  -  | Started server process [61254]
2025-06-05 23:01:08.792 | INFO     |  -  | Waiting for application startup.
2025-06-05 23:01:08.803 | INFO     |  -  | Application startup complete.
2025-06-05 23:01:36.015 | INFO     |  -  | Shutting down
2025-06-05 23:01:36.118 | INFO     |  -  | Waiting for application shutdown.
2025-06-05 23:01:36.119 | INFO     |  -  | Application shutdown complete.
2025-06-05 23:01:38.274 | INFO     |  -  | Started server process [61341]
2025-06-05 23:01:38.274 | INFO     |  -  | Waiting for application startup.
2025-06-05 23:01:38.291 | INFO     |  -  | Application startup complete.
2025-06-05 23:16:28.928 | INFO     |  -  | Started server process [64330]
2025-06-05 23:16:28.928 | INFO     |  -  | Waiting for application startup.
2025-06-05 23:16:28.954 | INFO     |  -  | Application startup complete.
2025-06-06 07:42:35.203 | INFO     |  -  | Started server process [78599]
2025-06-06 07:42:35.203 | INFO     |  -  | Waiting for application startup.
2025-06-06 07:42:35.232 | INFO     |  -  | Application startup complete.
2025-06-06 07:43:12.916 | INFO     |  -  | Started server process [79057]
2025-06-06 07:43:12.917 | INFO     |  -  | Waiting for application startup.
2025-06-06 07:43:12.944 | INFO     |  -  | Application startup complete.
2025-06-06 07:44:10.400 | INFO     |  -  | Shutting down
2025-06-06 07:44:10.502 | INFO     |  -  | Waiting for application shutdown.
2025-06-06 07:44:12.985 | INFO     |  -  | Started server process [79208]
2025-06-06 07:44:12.985 | INFO     |  -  | Waiting for application startup.
2025-06-06 07:44:13.002 | INFO     |  -  | Application startup complete.
2025-06-06 07:51:50.355 | INFO     |  -  | Shutting down
2025-06-06 07:51:50.459 | INFO     |  -  | Waiting for application shutdown.
2025-06-06 07:51:50.461 | INFO     |  -  | Application shutdown complete.
2025-06-06 07:51:52.925 | INFO     |  -  | Started server process [80240]
2025-06-06 07:51:52.925 | INFO     |  -  | Waiting for application startup.
2025-06-06 07:51:52.943 | INFO     |  -  | Application startup complete.
2025-06-06 07:56:26.108 | INFO     |  -  | Shutting down
2025-06-06 07:56:26.211 | INFO     |  -  | Waiting for application shutdown.
2025-06-06 07:56:26.212 | INFO     |  -  | Application shutdown complete.
2025-06-06 07:56:29.047 | INFO     |  -  | Started server process [80889]
2025-06-06 07:56:29.047 | INFO     |  -  | Waiting for application startup.
2025-06-06 07:56:29.074 | INFO     |  -  | Application startup complete.
2025-06-06 07:58:56.581 | INFO     |  -  | Shutting down
2025-06-06 07:58:56.684 | INFO     |  -  | Waiting for application shutdown.
2025-06-06 07:58:56.687 | INFO     |  -  | Application shutdown complete.
2025-06-06 07:58:59.518 | INFO     |  -  | Started server process [81231]
2025-06-06 07:58:59.519 | INFO     |  -  | Waiting for application startup.
2025-06-06 07:58:59.545 | INFO     |  -  | Application startup complete.
2025-06-06 07:59:13.625 | INFO     |  -  | Shutting down
2025-06-06 07:59:13.728 | INFO     |  -  | Waiting for application shutdown.
2025-06-06 07:59:16.463 | INFO     |  -  | Started server process [81288]
2025-06-06 07:59:16.464 | INFO     |  -  | Waiting for application startup.
2025-06-06 07:59:16.489 | INFO     |  -  | Application startup complete.
2025-06-06 08:04:15.536 | INFO     |  -  | Shutting down
2025-06-06 08:04:15.640 | INFO     |  -  | Waiting for application shutdown.
2025-06-06 08:04:18.474 | INFO     |  -  | Started server process [82013]
2025-06-06 08:04:18.475 | INFO     |  -  | Waiting for application startup.
2025-06-06 08:04:18.502 | INFO     |  -  | Application startup complete.
2025-06-06 08:51:05.067 | INFO     |  -  | Shutting down
2025-06-06 08:51:05.169 | INFO     |  -  | Waiting for application shutdown.
2025-06-06 08:51:05.170 | INFO     |  -  | Application shutdown complete.
2025-06-06 08:51:07.750 | INFO     |  -  | Started server process [88530]
2025-06-06 08:51:07.750 | INFO     |  -  | Waiting for application startup.
2025-06-06 08:51:07.784 | INFO     |  -  | Application startup complete.
2025-06-06 08:51:55.123 | INFO     |  -  | Shutting down
2025-06-06 08:51:55.226 | INFO     |  -  | Waiting for application shutdown.
2025-06-06 08:51:55.232 | INFO     |  -  | Application shutdown complete.
2025-06-06 08:51:57.800 | INFO     |  -  | Started server process [88657]
2025-06-06 08:51:57.801 | INFO     |  -  | Waiting for application startup.
2025-06-06 08:51:57.827 | INFO     |  -  | Application startup complete.
2025-06-06 08:53:00.223 | INFO     |  -  | Shutting down
2025-06-06 08:53:00.325 | INFO     |  -  | Waiting for application shutdown.
2025-06-06 08:53:02.805 | INFO     |  -  | Started server process [88851]
2025-06-06 08:53:02.805 | INFO     |  -  | Waiting for application startup.
2025-06-06 08:53:02.832 | INFO     |  -  | Application startup complete.
2025-06-06 08:55:21.885 | INFO     |  -  | Shutting down
2025-06-06 08:55:21.995 | INFO     |  -  | Waiting for application shutdown.
2025-06-06 08:55:24.754 | INFO     |  -  | Started server process [89212]
2025-06-06 08:55:24.755 | INFO     |  -  | Waiting for application startup.
2025-06-06 08:55:24.781 | INFO     |  -  | Application startup complete.
2025-06-06 08:57:48.611 | INFO     |  -  | Shutting down
2025-06-06 08:57:48.718 | INFO     |  -  | Waiting for application shutdown.
2025-06-06 08:57:51.515 | INFO     |  -  | Started server process [89617]
2025-06-06 08:57:51.515 | INFO     |  -  | Waiting for application startup.
2025-06-06 08:57:53.861 | INFO     |  -  | Started server process [89634]
2025-06-06 08:57:53.862 | INFO     |  -  | Waiting for application startup.
2025-06-06 08:57:53.884 | INFO     |  -  | Application startup complete.
2025-06-06 08:59:56.160 | INFO     |  -  | Shutting down
2025-06-06 08:59:56.264 | INFO     |  -  | Waiting for application shutdown.
2025-06-06 08:59:58.873 | INFO     |  -  | Started server process [89954]
2025-06-06 08:59:58.874 | INFO     |  -  | Waiting for application startup.
2025-06-06 08:59:58.904 | INFO     |  -  | Application startup complete.
2025-06-06 09:00:10.823 | INFO     |  -  | Shutting down
2025-06-06 09:00:10.925 | INFO     |  -  | Waiting for application shutdown.
2025-06-06 09:00:13.855 | INFO     |  -  | Started server process [90001]
2025-06-06 09:00:13.855 | INFO     |  -  | Waiting for application startup.
2025-06-06 09:00:13.881 | INFO     |  -  | Application startup complete.
2025-06-06 09:20:51.832 | INFO     |  -  | Shutting down
2025-06-06 09:20:51.936 | INFO     |  -  | Waiting for application shutdown.
2025-06-06 09:20:54.521 | INFO     |  -  | Started server process [92808]
2025-06-06 09:20:54.522 | INFO     |  -  | Waiting for application startup.
2025-06-06 09:20:54.554 | INFO     |  -  | Application startup complete.
2025-06-06 09:33:27.598 | INFO     |  -  | Started server process [95276]
2025-06-06 09:33:27.599 | INFO     |  -  | Waiting for application startup.
2025-06-06 09:33:27.634 | INFO     |  -  | Application startup complete.
